"pkg-config --exists /Users/ebisuisho/workspace/rent_kadai/vendor/bundle/ruby/3.0.0/gems/sqlite3-1.5.3/ports/arm64-apple-darwin21.5.0/sqlite3/3.39.4/lib/pkgconfig/sqlite3.pc"
| pkg-config --libs /Users/ebisuisho/workspace/rent_kadai/vendor/bundle/ruby/3.0.0/gems/sqlite3-1.5.3/ports/arm64-apple-darwin21.5.0/sqlite3/3.39.4/lib/pkgconfig/sqlite3.pc
=> "-L/Users/ebisuisho/workspace/rent_kadai/vendor/bundle/ruby/3.0.0/gems/sqlite3-1.5.3/ports/arm64-apple-darwin21.5.0/sqlite3/3.39.4/lib -lsqlite3\n"
"clang -fdeclspec -o conftest -I/Users/ebisuisho/.rbenv/versions/3.0.1/include/ruby-3.0.0/arm64-darwin21 -I/Users/ebisuisho/.rbenv/versions/3.0.1/include/ruby-3.0.0/ruby/backward -I/Users/ebisuisho/.rbenv/versions/3.0.1/include/ruby-3.0.0 -I. -I/Users/ebisuisho/.rbenv/versions/3.0.1/include  -D_XOPEN_SOURCE -D_DARWIN_C_SOURCE -D_DARWIN_UNLIMITED_SELECT -D_REENTRANT   -O3 -ggdb3 -Wall -Wextra -Wdeprecated-declarations -Wdivision-by-zero -Wimplicit-function-declaration -Wimplicit-int -Wmisleading-indentation -Wpointer-arith -Wshorten-64-to-32 -Wwrite-strings -Wmissing-noreturn -Wno-cast-function-type -Wno-constant-logical-operand -Wno-long-long -Wno-missing-field-initializers -Wno-overlength-strings -Wno-parentheses-equality -Wno-self-assign -Wno-tautological-compare -Wno-unused-parameter -Wno-unused-value -Wunused-variable -Wextra-tokens -fno-common -pipe conftest.c  -L. -L/Users/ebisuisho/.rbenv/versions/3.0.1/lib -L. -L/Users/ebisuisho/.rbenv/versions/3.0.1/lib  -fstack-protector-strong -L/usr/local/lib  -m64   -lruby.3.0   "
checked program was:
/* begin */
1: #include "ruby.h"
2: 
3: int main(int argc, char **argv)
4: {
5:   return !!argv[argc];
6: }
/* end */

"clang -fdeclspec -o conftest -I/Users/ebisuisho/.rbenv/versions/3.0.1/include/ruby-3.0.0/arm64-darwin21 -I/Users/ebisuisho/.rbenv/versions/3.0.1/include/ruby-3.0.0/ruby/backward -I/Users/ebisuisho/.rbenv/versions/3.0.1/include/ruby-3.0.0 -I. -I/Users/ebisuisho/.rbenv/versions/3.0.1/include  -D_XOPEN_SOURCE -D_DARWIN_C_SOURCE -D_DARWIN_UNLIMITED_SELECT -D_REENTRANT   -O3 -ggdb3 -Wall -Wextra -Wdeprecated-declarations -Wdivision-by-zero -Wimplicit-function-declaration -Wimplicit-int -Wmisleading-indentation -Wpointer-arith -Wshorten-64-to-32 -Wwrite-strings -Wmissing-noreturn -Wno-cast-function-type -Wno-constant-logical-operand -Wno-long-long -Wno-missing-field-initializers -Wno-overlength-strings -Wno-parentheses-equality -Wno-self-assign -Wno-tautological-compare -Wno-unused-parameter -Wno-unused-value -Wunused-variable -Wextra-tokens -fno-common -pipe conftest.c  -L. -L/Users/ebisuisho/.rbenv/versions/3.0.1/lib -L. -L/Users/ebisuisho/.rbenv/versions/3.0.1/lib  -fstack-protector-strong -L/usr/local/lib  -m64   -lruby.3.0 -L/Users/ebisuisho/workspace/rent_kadai/vendor/bundle/ruby/3.0.0/gems/sqlite3-1.5.3/ports/arm64-apple-darwin21.5.0/sqlite3/3.39.4/lib -lsqlite3  "
checked program was:
/* begin */
1: #include "ruby.h"
2: 
3: int main(int argc, char **argv)
4: {
5:   return !!argv[argc];
6: }
/* end */

| pkg-config --cflags-only-I /Users/ebisuisho/workspace/rent_kadai/vendor/bundle/ruby/3.0.0/gems/sqlite3-1.5.3/ports/arm64-apple-darwin21.5.0/sqlite3/3.39.4/lib/pkgconfig/sqlite3.pc
=> "-I/Users/ebisuisho/workspace/rent_kadai/vendor/bundle/ruby/3.0.0/gems/sqlite3-1.5.3/ports/arm64-apple-darwin21.5.0/sqlite3/3.39.4/include\n"
| pkg-config --cflags-only-other /Users/ebisuisho/workspace/rent_kadai/vendor/bundle/ruby/3.0.0/gems/sqlite3-1.5.3/ports/arm64-apple-darwin21.5.0/sqlite3/3.39.4/lib/pkgconfig/sqlite3.pc
=> "\n"
| pkg-config --libs-only-l /Users/ebisuisho/workspace/rent_kadai/vendor/bundle/ruby/3.0.0/gems/sqlite3-1.5.3/ports/arm64-apple-darwin21.5.0/sqlite3/3.39.4/lib/pkgconfig/sqlite3.pc
=> "-lsqlite3\n"
package configuration for /Users/ebisuisho/workspace/rent_kadai/vendor/bundle/ruby/3.0.0/gems/sqlite3-1.5.3/ports/arm64-apple-darwin21.5.0/sqlite3/3.39.4/lib/pkgconfig/sqlite3.pc
incflags: -I/Users/ebisuisho/workspace/rent_kadai/vendor/bundle/ruby/3.0.0/gems/sqlite3-1.5.3/ports/arm64-apple-darwin21.5.0/sqlite3/3.39.4/include
cflags: 
ldflags: -L/Users/ebisuisho/workspace/rent_kadai/vendor/bundle/ruby/3.0.0/gems/sqlite3-1.5.3/ports/arm64-apple-darwin21.5.0/sqlite3/3.39.4/lib
libs: -lsqlite3

| ["pkg-config", "--libs", "--static", "/Users/ebisuisho/workspace/rent_kadai/vendor/bundle/ruby/3.0.0/gems/sqlite3-1.5.3/ports/arm64-apple-darwin21.5.0/sqlite3/3.39.4/lib/pkgconfig/sqlite3.pc"]
block in append_ldflags: checking for whether -L/Users/ebisuisho/workspace/rent_kadai/vendor/bundle/ruby/3.0.0/gems/sqlite3-1.5.3/ports/arm64-apple-darwin21.5.0/sqlite3/3.39.4/lib is accepted as LDFLAGS... -------------------- yes

"clang -fdeclspec -o conftest -I/Users/ebisuisho/.rbenv/versions/3.0.1/include/ruby-3.0.0/arm64-darwin21 -I/Users/ebisuisho/.rbenv/versions/3.0.1/include/ruby-3.0.0/ruby/backward -I/Users/ebisuisho/.rbenv/versions/3.0.1/include/ruby-3.0.0 -I. -I/Users/ebisuisho/workspace/rent_kadai/vendor/bundle/ruby/3.0.0/gems/sqlite3-1.5.3/ports/arm64-apple-darwin21.5.0/sqlite3/3.39.4/include -I/Users/ebisuisho/.rbenv/versions/3.0.1/include  -D_XOPEN_SOURCE -D_DARWIN_C_SOURCE -D_DARWIN_UNLIMITED_SELECT -D_REENTRANT   -O3 -ggdb3 -Wall -Wextra -Wdeprecated-declarations -Wdivision-by-zero -Wimplicit-function-declaration -Wimplicit-int -Wmisleading-indentation -Wpointer-arith -Wshorten-64-to-32 -Wwrite-strings -Wmissing-noreturn -Wno-cast-function-type -Wno-constant-logical-operand -Wno-long-long -Wno-missing-field-initializers -Wno-overlength-strings -Wno-parentheses-equality -Wno-self-assign -Wno-tautological-compare -Wno-unused-parameter -Wno-unused-value -Wunused-variable -Wextra-tokens -fno-common -pipe  conftest.c  -L. -L/Users/ebisuisho/.rbenv/versions/3.0.1/lib -L. -L/Users/ebisuisho/.rbenv/versions/3.0.1/lib  -fstack-protector-strong -L/usr/local/lib -L/Users/ebisuisho/workspace/rent_kadai/vendor/bundle/ruby/3.0.0/gems/sqlite3-1.5.3/ports/arm64-apple-darwin21.5.0/sqlite3/3.39.4/lib  -m64   -lsqlite3 -lruby.3.0 -L/Users/ebisuisho/workspace/rent_kadai/vendor/bundle/ruby/3.0.0/gems/sqlite3-1.5.3/ports/arm64-apple-darwin21.5.0/sqlite3/3.39.4/lib  "
checked program was:
/* begin */
1: #include "ruby.h"
2: 
3: int main(int argc, char **argv)
4: {
5:   return !!argv[argc];
6: }
/* end */

--------------------

block in append_ldflags: checking for whether -lsqlite3 is accepted as LDFLAGS... -------------------- yes

"clang -fdeclspec -o conftest -I/Users/ebisuisho/.rbenv/versions/3.0.1/include/ruby-3.0.0/arm64-darwin21 -I/Users/ebisuisho/.rbenv/versions/3.0.1/include/ruby-3.0.0/ruby/backward -I/Users/ebisuisho/.rbenv/versions/3.0.1/include/ruby-3.0.0 -I. -I/Users/ebisuisho/workspace/rent_kadai/vendor/bundle/ruby/3.0.0/gems/sqlite3-1.5.3/ports/arm64-apple-darwin21.5.0/sqlite3/3.39.4/include -I/Users/ebisuisho/.rbenv/versions/3.0.1/include  -D_XOPEN_SOURCE -D_DARWIN_C_SOURCE -D_DARWIN_UNLIMITED_SELECT -D_REENTRANT   -O3 -ggdb3 -Wall -Wextra -Wdeprecated-declarations -Wdivision-by-zero -Wimplicit-function-declaration -Wimplicit-int -Wmisleading-indentation -Wpointer-arith -Wshorten-64-to-32 -Wwrite-strings -Wmissing-noreturn -Wno-cast-function-type -Wno-constant-logical-operand -Wno-long-long -Wno-missing-field-initializers -Wno-overlength-strings -Wno-parentheses-equality -Wno-self-assign -Wno-tautological-compare -Wno-unused-parameter -Wno-unused-value -Wunused-variable -Wextra-tokens -fno-common -pipe  conftest.c  -L. -L/Users/ebisuisho/.rbenv/versions/3.0.1/lib -L. -L/Users/ebisuisho/.rbenv/versions/3.0.1/lib  -fstack-protector-strong -L/usr/local/lib -L/Users/ebisuisho/workspace/rent_kadai/vendor/bundle/ruby/3.0.0/gems/sqlite3-1.5.3/ports/arm64-apple-darwin21.5.0/sqlite3/3.39.4/lib -L/Users/ebisuisho/workspace/rent_kadai/vendor/bundle/ruby/3.0.0/gems/sqlite3-1.5.3/ports/arm64-apple-darwin21.5.0/sqlite3/3.39.4/lib  -m64   -lsqlite3 -lruby.3.0 -lsqlite3  "
checked program was:
/* begin */
1: #include "ruby.h"
2: 
3: int main(int argc, char **argv)
4: {
5:   return !!argv[argc];
6: }
/* end */

--------------------

block in append_ldflags: checking for whether -lz is accepted as LDFLAGS... -------------------- yes

"clang -fdeclspec -o conftest -I/Users/ebisuisho/.rbenv/versions/3.0.1/include/ruby-3.0.0/arm64-darwin21 -I/Users/ebisuisho/.rbenv/versions/3.0.1/include/ruby-3.0.0/ruby/backward -I/Users/ebisuisho/.rbenv/versions/3.0.1/include/ruby-3.0.0 -I. -I/Users/ebisuisho/workspace/rent_kadai/vendor/bundle/ruby/3.0.0/gems/sqlite3-1.5.3/ports/arm64-apple-darwin21.5.0/sqlite3/3.39.4/include -I/Users/ebisuisho/.rbenv/versions/3.0.1/include  -D_XOPEN_SOURCE -D_DARWIN_C_SOURCE -D_DARWIN_UNLIMITED_SELECT -D_REENTRANT   -O3 -ggdb3 -Wall -Wextra -Wdeprecated-declarations -Wdivision-by-zero -Wimplicit-function-declaration -Wimplicit-int -Wmisleading-indentation -Wpointer-arith -Wshorten-64-to-32 -Wwrite-strings -Wmissing-noreturn -Wno-cast-function-type -Wno-constant-logical-operand -Wno-long-long -Wno-missing-field-initializers -Wno-overlength-strings -Wno-parentheses-equality -Wno-self-assign -Wno-tautological-compare -Wno-unused-parameter -Wno-unused-value -Wunused-variable -Wextra-tokens -fno-common -pipe  conftest.c  -L. -L/Users/ebisuisho/.rbenv/versions/3.0.1/lib -L. -L/Users/ebisuisho/.rbenv/versions/3.0.1/lib  -fstack-protector-strong -L/usr/local/lib -L/Users/ebisuisho/workspace/rent_kadai/vendor/bundle/ruby/3.0.0/gems/sqlite3-1.5.3/ports/arm64-apple-darwin21.5.0/sqlite3/3.39.4/lib -L/Users/ebisuisho/workspace/rent_kadai/vendor/bundle/ruby/3.0.0/gems/sqlite3-1.5.3/ports/arm64-apple-darwin21.5.0/sqlite3/3.39.4/lib -lsqlite3  -m64   -lsqlite3 -lruby.3.0 -lz  "
checked program was:
/* begin */
1: #include "ruby.h"
2: 
3: int main(int argc, char **argv)
4: {
5:   return !!argv[argc];
6: }
/* end */

--------------------

find_header: checking for sqlite3.h... -------------------- yes

"clang -E -I/Users/ebisuisho/.rbenv/versions/3.0.1/include/ruby-3.0.0/arm64-darwin21 -I/Users/ebisuisho/.rbenv/versions/3.0.1/include/ruby-3.0.0/ruby/backward -I/Users/ebisuisho/.rbenv/versions/3.0.1/include/ruby-3.0.0 -I. -I/Users/ebisuisho/workspace/rent_kadai/vendor/bundle/ruby/3.0.0/gems/sqlite3-1.5.3/ports/arm64-apple-darwin21.5.0/sqlite3/3.39.4/include -I/Users/ebisuisho/.rbenv/versions/3.0.1/include  -D_XOPEN_SOURCE -D_DARWIN_C_SOURCE -D_DARWIN_UNLIMITED_SELECT -D_REENTRANT   -O3 -ggdb3 -Wall -Wextra -Wdeprecated-declarations -Wdivision-by-zero -Wimplicit-function-declaration -Wimplicit-int -Wmisleading-indentation -Wpointer-arith -Wshorten-64-to-32 -Wwrite-strings -Wmissing-noreturn -Wno-cast-function-type -Wno-constant-logical-operand -Wno-long-long -Wno-missing-field-initializers -Wno-overlength-strings -Wno-parentheses-equality -Wno-self-assign -Wno-tautological-compare -Wno-unused-parameter -Wno-unused-value -Wunused-variable -Wextra-tokens -fno-common -pipe   conftest.c -o conftest.i"
checked program was:
/* begin */
1: #include "ruby.h"
2: 
3: #include <sqlite3.h>
/* end */

--------------------

find_library: checking for sqlite3_libversion_number() in -lsqlite3... -------------------- yes

"clang -fdeclspec -o conftest -I/Users/ebisuisho/.rbenv/versions/3.0.1/include/ruby-3.0.0/arm64-darwin21 -I/Users/ebisuisho/.rbenv/versions/3.0.1/include/ruby-3.0.0/ruby/backward -I/Users/ebisuisho/.rbenv/versions/3.0.1/include/ruby-3.0.0 -I. -I/Users/ebisuisho/workspace/rent_kadai/vendor/bundle/ruby/3.0.0/gems/sqlite3-1.5.3/ports/arm64-apple-darwin21.5.0/sqlite3/3.39.4/include -I/Users/ebisuisho/.rbenv/versions/3.0.1/include  -D_XOPEN_SOURCE -D_DARWIN_C_SOURCE -D_DARWIN_UNLIMITED_SELECT -D_REENTRANT   -O3 -ggdb3 -Wall -Wextra -Wdeprecated-declarations -Wdivision-by-zero -Wimplicit-function-declaration -Wimplicit-int -Wmisleading-indentation -Wpointer-arith -Wshorten-64-to-32 -Wwrite-strings -Wmissing-noreturn -Wno-cast-function-type -Wno-constant-logical-operand -Wno-long-long -Wno-missing-field-initializers -Wno-overlength-strings -Wno-parentheses-equality -Wno-self-assign -Wno-tautological-compare -Wno-unused-parameter -Wno-unused-value -Wunused-variable -Wextra-tokens -fno-common -pipe  conftest.c  -L. -L/Users/ebisuisho/.rbenv/versions/3.0.1/lib -L. -L/Users/ebisuisho/.rbenv/versions/3.0.1/lib  -fstack-protector-strong -L/usr/local/lib -L/Users/ebisuisho/workspace/rent_kadai/vendor/bundle/ruby/3.0.0/gems/sqlite3-1.5.3/ports/arm64-apple-darwin21.5.0/sqlite3/3.39.4/lib -L/Users/ebisuisho/workspace/rent_kadai/vendor/bundle/ruby/3.0.0/gems/sqlite3-1.5.3/ports/arm64-apple-darwin21.5.0/sqlite3/3.39.4/lib -lsqlite3 -lz  -m64   -lsqlite3 -lruby.3.0 -lsqlite3  -lsqlite3  "
conftest.c:14:57: error: use of undeclared identifier 'sqlite3_libversion_number'
int t(void) { void ((*volatile p)()); p = (void ((*)()))sqlite3_libversion_number; return !p; }
                                                        ^
1 error generated.
checked program was:
/* begin */
 1: #include "ruby.h"
 2: 
 3: /*top*/
 4: extern int t(void);
 5: int main(int argc, char **argv)
 6: {
 7:   if (argc > 1000000) {
 8:     int (* volatile tp)(void)=(int (*)(void))&t;
 9:     printf("%d", (*tp)());
10:   }
11: 
12:   return !!argv[argc];
13: }
14: int t(void) { void ((*volatile p)()); p = (void ((*)()))sqlite3_libversion_number; return !p; }
/* end */

"clang -fdeclspec -o conftest -I/Users/ebisuisho/.rbenv/versions/3.0.1/include/ruby-3.0.0/arm64-darwin21 -I/Users/ebisuisho/.rbenv/versions/3.0.1/include/ruby-3.0.0/ruby/backward -I/Users/ebisuisho/.rbenv/versions/3.0.1/include/ruby-3.0.0 -I. -I/Users/ebisuisho/workspace/rent_kadai/vendor/bundle/ruby/3.0.0/gems/sqlite3-1.5.3/ports/arm64-apple-darwin21.5.0/sqlite3/3.39.4/include -I/Users/ebisuisho/.rbenv/versions/3.0.1/include  -D_XOPEN_SOURCE -D_DARWIN_C_SOURCE -D_DARWIN_UNLIMITED_SELECT -D_REENTRANT   -O3 -ggdb3 -Wall -Wextra -Wdeprecated-declarations -Wdivision-by-zero -Wimplicit-function-declaration -Wimplicit-int -Wmisleading-indentation -Wpointer-arith -Wshorten-64-to-32 -Wwrite-strings -Wmissing-noreturn -Wno-cast-function-type -Wno-constant-logical-operand -Wno-long-long -Wno-missing-field-initializers -Wno-overlength-strings -Wno-parentheses-equality -Wno-self-assign -Wno-tautological-compare -Wno-unused-parameter -Wno-unused-value -Wunused-variable -Wextra-tokens -fno-common -pipe  conftest.c  -L. -L/Users/ebisuisho/.rbenv/versions/3.0.1/lib -L. -L/Users/ebisuisho/.rbenv/versions/3.0.1/lib  -fstack-protector-strong -L/usr/local/lib -L/Users/ebisuisho/workspace/rent_kadai/vendor/bundle/ruby/3.0.0/gems/sqlite3-1.5.3/ports/arm64-apple-darwin21.5.0/sqlite3/3.39.4/lib -L/Users/ebisuisho/workspace/rent_kadai/vendor/bundle/ruby/3.0.0/gems/sqlite3-1.5.3/ports/arm64-apple-darwin21.5.0/sqlite3/3.39.4/lib -lsqlite3 -lz  -m64   -lsqlite3 -lruby.3.0 -lsqlite3  -lsqlite3  "
checked program was:
/* begin */
 1: #include "ruby.h"
 2: 
 3: /*top*/
 4: extern int t(void);
 5: int main(int argc, char **argv)
 6: {
 7:   if (argc > 1000000) {
 8:     int (* volatile tp)(void)=(int (*)(void))&t;
 9:     printf("%d", (*tp)());
10:   }
11: 
12:   return !!argv[argc];
13: }
14: extern void sqlite3_libversion_number();
15: int t(void) { sqlite3_libversion_number(); return 0; }
/* end */

--------------------

have_func: checking for rb_proc_arity()... -------------------- yes

"clang -fdeclspec -o conftest -I/Users/ebisuisho/.rbenv/versions/3.0.1/include/ruby-3.0.0/arm64-darwin21 -I/Users/ebisuisho/.rbenv/versions/3.0.1/include/ruby-3.0.0/ruby/backward -I/Users/ebisuisho/.rbenv/versions/3.0.1/include/ruby-3.0.0 -I. -I/Users/ebisuisho/workspace/rent_kadai/vendor/bundle/ruby/3.0.0/gems/sqlite3-1.5.3/ports/arm64-apple-darwin21.5.0/sqlite3/3.39.4/include -I/Users/ebisuisho/.rbenv/versions/3.0.1/include  -D_XOPEN_SOURCE -D_DARWIN_C_SOURCE -D_DARWIN_UNLIMITED_SELECT -D_REENTRANT   -O3 -ggdb3 -Wall -Wextra -Wdeprecated-declarations -Wdivision-by-zero -Wimplicit-function-declaration -Wimplicit-int -Wmisleading-indentation -Wpointer-arith -Wshorten-64-to-32 -Wwrite-strings -Wmissing-noreturn -Wno-cast-function-type -Wno-constant-logical-operand -Wno-long-long -Wno-missing-field-initializers -Wno-overlength-strings -Wno-parentheses-equality -Wno-self-assign -Wno-tautological-compare -Wno-unused-parameter -Wno-unused-value -Wunused-variable -Wextra-tokens -fno-common -pipe  conftest.c  -L. -L/Users/ebisuisho/.rbenv/versions/3.0.1/lib -L. -L/Users/ebisuisho/.rbenv/versions/3.0.1/lib  -fstack-protector-strong -L/usr/local/lib -L/Users/ebisuisho/workspace/rent_kadai/vendor/bundle/ruby/3.0.0/gems/sqlite3-1.5.3/ports/arm64-apple-darwin21.5.0/sqlite3/3.39.4/lib -L/Users/ebisuisho/workspace/rent_kadai/vendor/bundle/ruby/3.0.0/gems/sqlite3-1.5.3/ports/arm64-apple-darwin21.5.0/sqlite3/3.39.4/lib -lsqlite3 -lz  -m64  -lsqlite3  -lsqlite3 -lruby.3.0 -lsqlite3  -lsqlite3  "
checked program was:
/* begin */
 1: #include "ruby.h"
 2: 
 3: /*top*/
 4: extern int t(void);
 5: int main(int argc, char **argv)
 6: {
 7:   if (argc > 1000000) {
 8:     int (* volatile tp)(void)=(int (*)(void))&t;
 9:     printf("%d", (*tp)());
10:   }
11: 
12:   return !!argv[argc];
13: }
14: int t(void) { void ((*volatile p)()); p = (void ((*)()))rb_proc_arity; return !p; }
/* end */

--------------------

have_func: checking for rb_integer_pack()... -------------------- yes

"clang -fdeclspec -o conftest -I/Users/ebisuisho/.rbenv/versions/3.0.1/include/ruby-3.0.0/arm64-darwin21 -I/Users/ebisuisho/.rbenv/versions/3.0.1/include/ruby-3.0.0/ruby/backward -I/Users/ebisuisho/.rbenv/versions/3.0.1/include/ruby-3.0.0 -I. -I/Users/ebisuisho/workspace/rent_kadai/vendor/bundle/ruby/3.0.0/gems/sqlite3-1.5.3/ports/arm64-apple-darwin21.5.0/sqlite3/3.39.4/include -I/Users/ebisuisho/.rbenv/versions/3.0.1/include  -D_XOPEN_SOURCE -D_DARWIN_C_SOURCE -D_DARWIN_UNLIMITED_SELECT -D_REENTRANT   -O3 -ggdb3 -Wall -Wextra -Wdeprecated-declarations -Wdivision-by-zero -Wimplicit-function-declaration -Wimplicit-int -Wmisleading-indentation -Wpointer-arith -Wshorten-64-to-32 -Wwrite-strings -Wmissing-noreturn -Wno-cast-function-type -Wno-constant-logical-operand -Wno-long-long -Wno-missing-field-initializers -Wno-overlength-strings -Wno-parentheses-equality -Wno-self-assign -Wno-tautological-compare -Wno-unused-parameter -Wno-unused-value -Wunused-variable -Wextra-tokens -fno-common -pipe  conftest.c  -L. -L/Users/ebisuisho/.rbenv/versions/3.0.1/lib -L. -L/Users/ebisuisho/.rbenv/versions/3.0.1/lib  -fstack-protector-strong -L/usr/local/lib -L/Users/ebisuisho/workspace/rent_kadai/vendor/bundle/ruby/3.0.0/gems/sqlite3-1.5.3/ports/arm64-apple-darwin21.5.0/sqlite3/3.39.4/lib -L/Users/ebisuisho/workspace/rent_kadai/vendor/bundle/ruby/3.0.0/gems/sqlite3-1.5.3/ports/arm64-apple-darwin21.5.0/sqlite3/3.39.4/lib -lsqlite3 -lz  -m64  -lsqlite3  -lsqlite3 -lruby.3.0 -lsqlite3  -lsqlite3  "
checked program was:
/* begin */
 1: #include "ruby.h"
 2: 
 3: /*top*/
 4: extern int t(void);
 5: int main(int argc, char **argv)
 6: {
 7:   if (argc > 1000000) {
 8:     int (* volatile tp)(void)=(int (*)(void))&t;
 9:     printf("%d", (*tp)());
10:   }
11: 
12:   return !!argv[argc];
13: }
14: int t(void) { void ((*volatile p)()); p = (void ((*)()))rb_integer_pack; return !p; }
/* end */

--------------------

have_func: checking for sqlite3_initialize()... -------------------- yes

"clang -fdeclspec -o conftest -I/Users/ebisuisho/.rbenv/versions/3.0.1/include/ruby-3.0.0/arm64-darwin21 -I/Users/ebisuisho/.rbenv/versions/3.0.1/include/ruby-3.0.0/ruby/backward -I/Users/ebisuisho/.rbenv/versions/3.0.1/include/ruby-3.0.0 -I. -I/Users/ebisuisho/workspace/rent_kadai/vendor/bundle/ruby/3.0.0/gems/sqlite3-1.5.3/ports/arm64-apple-darwin21.5.0/sqlite3/3.39.4/include -I/Users/ebisuisho/.rbenv/versions/3.0.1/include  -D_XOPEN_SOURCE -D_DARWIN_C_SOURCE -D_DARWIN_UNLIMITED_SELECT -D_REENTRANT   -O3 -ggdb3 -Wall -Wextra -Wdeprecated-declarations -Wdivision-by-zero -Wimplicit-function-declaration -Wimplicit-int -Wmisleading-indentation -Wpointer-arith -Wshorten-64-to-32 -Wwrite-strings -Wmissing-noreturn -Wno-cast-function-type -Wno-constant-logical-operand -Wno-long-long -Wno-missing-field-initializers -Wno-overlength-strings -Wno-parentheses-equality -Wno-self-assign -Wno-tautological-compare -Wno-unused-parameter -Wno-unused-value -Wunused-variable -Wextra-tokens -fno-common -pipe  conftest.c  -L. -L/Users/ebisuisho/.rbenv/versions/3.0.1/lib -L. -L/Users/ebisuisho/.rbenv/versions/3.0.1/lib  -fstack-protector-strong -L/usr/local/lib -L/Users/ebisuisho/workspace/rent_kadai/vendor/bundle/ruby/3.0.0/gems/sqlite3-1.5.3/ports/arm64-apple-darwin21.5.0/sqlite3/3.39.4/lib -L/Users/ebisuisho/workspace/rent_kadai/vendor/bundle/ruby/3.0.0/gems/sqlite3-1.5.3/ports/arm64-apple-darwin21.5.0/sqlite3/3.39.4/lib -lsqlite3 -lz  -m64  -lsqlite3  -lsqlite3 -lruby.3.0 -lsqlite3  -lsqlite3  "
conftest.c:14:57: error: use of undeclared identifier 'sqlite3_initialize'
int t(void) { void ((*volatile p)()); p = (void ((*)()))sqlite3_initialize; return !p; }
                                                        ^
1 error generated.
checked program was:
/* begin */
 1: #include "ruby.h"
 2: 
 3: /*top*/
 4: extern int t(void);
 5: int main(int argc, char **argv)
 6: {
 7:   if (argc > 1000000) {
 8:     int (* volatile tp)(void)=(int (*)(void))&t;
 9:     printf("%d", (*tp)());
10:   }
11: 
12:   return !!argv[argc];
13: }
14: int t(void) { void ((*volatile p)()); p = (void ((*)()))sqlite3_initialize; return !p; }
/* end */

"clang -fdeclspec -o conftest -I/Users/ebisuisho/.rbenv/versions/3.0.1/include/ruby-3.0.0/arm64-darwin21 -I/Users/ebisuisho/.rbenv/versions/3.0.1/include/ruby-3.0.0/ruby/backward -I/Users/ebisuisho/.rbenv/versions/3.0.1/include/ruby-3.0.0 -I. -I/Users/ebisuisho/workspace/rent_kadai/vendor/bundle/ruby/3.0.0/gems/sqlite3-1.5.3/ports/arm64-apple-darwin21.5.0/sqlite3/3.39.4/include -I/Users/ebisuisho/.rbenv/versions/3.0.1/include  -D_XOPEN_SOURCE -D_DARWIN_C_SOURCE -D_DARWIN_UNLIMITED_SELECT -D_REENTRANT   -O3 -ggdb3 -Wall -Wextra -Wdeprecated-declarations -Wdivision-by-zero -Wimplicit-function-declaration -Wimplicit-int -Wmisleading-indentation -Wpointer-arith -Wshorten-64-to-32 -Wwrite-strings -Wmissing-noreturn -Wno-cast-function-type -Wno-constant-logical-operand -Wno-long-long -Wno-missing-field-initializers -Wno-overlength-strings -Wno-parentheses-equality -Wno-self-assign -Wno-tautological-compare -Wno-unused-parameter -Wno-unused-value -Wunused-variable -Wextra-tokens -fno-common -pipe  conftest.c  -L. -L/Users/ebisuisho/.rbenv/versions/3.0.1/lib -L. -L/Users/ebisuisho/.rbenv/versions/3.0.1/lib  -fstack-protector-strong -L/usr/local/lib -L/Users/ebisuisho/workspace/rent_kadai/vendor/bundle/ruby/3.0.0/gems/sqlite3-1.5.3/ports/arm64-apple-darwin21.5.0/sqlite3/3.39.4/lib -L/Users/ebisuisho/workspace/rent_kadai/vendor/bundle/ruby/3.0.0/gems/sqlite3-1.5.3/ports/arm64-apple-darwin21.5.0/sqlite3/3.39.4/lib -lsqlite3 -lz  -m64  -lsqlite3  -lsqlite3 -lruby.3.0 -lsqlite3  -lsqlite3  "
checked program was:
/* begin */
 1: #include "ruby.h"
 2: 
 3: /*top*/
 4: extern int t(void);
 5: int main(int argc, char **argv)
 6: {
 7:   if (argc > 1000000) {
 8:     int (* volatile tp)(void)=(int (*)(void))&t;
 9:     printf("%d", (*tp)());
10:   }
11: 
12:   return !!argv[argc];
13: }
14: extern void sqlite3_initialize();
15: int t(void) { sqlite3_initialize(); return 0; }
/* end */

--------------------

have_func: checking for sqlite3_backup_init()... -------------------- yes

"clang -fdeclspec -o conftest -I/Users/ebisuisho/.rbenv/versions/3.0.1/include/ruby-3.0.0/arm64-darwin21 -I/Users/ebisuisho/.rbenv/versions/3.0.1/include/ruby-3.0.0/ruby/backward -I/Users/ebisuisho/.rbenv/versions/3.0.1/include/ruby-3.0.0 -I. -I/Users/ebisuisho/workspace/rent_kadai/vendor/bundle/ruby/3.0.0/gems/sqlite3-1.5.3/ports/arm64-apple-darwin21.5.0/sqlite3/3.39.4/include -I/Users/ebisuisho/.rbenv/versions/3.0.1/include  -D_XOPEN_SOURCE -D_DARWIN_C_SOURCE -D_DARWIN_UNLIMITED_SELECT -D_REENTRANT   -O3 -ggdb3 -Wall -Wextra -Wdeprecated-declarations -Wdivision-by-zero -Wimplicit-function-declaration -Wimplicit-int -Wmisleading-indentation -Wpointer-arith -Wshorten-64-to-32 -Wwrite-strings -Wmissing-noreturn -Wno-cast-function-type -Wno-constant-logical-operand -Wno-long-long -Wno-missing-field-initializers -Wno-overlength-strings -Wno-parentheses-equality -Wno-self-assign -Wno-tautological-compare -Wno-unused-parameter -Wno-unused-value -Wunused-variable -Wextra-tokens -fno-common -pipe  conftest.c  -L. -L/Users/ebisuisho/.rbenv/versions/3.0.1/lib -L. -L/Users/ebisuisho/.rbenv/versions/3.0.1/lib  -fstack-protector-strong -L/usr/local/lib -L/Users/ebisuisho/workspace/rent_kadai/vendor/bundle/ruby/3.0.0/gems/sqlite3-1.5.3/ports/arm64-apple-darwin21.5.0/sqlite3/3.39.4/lib -L/Users/ebisuisho/workspace/rent_kadai/vendor/bundle/ruby/3.0.0/gems/sqlite3-1.5.3/ports/arm64-apple-darwin21.5.0/sqlite3/3.39.4/lib -lsqlite3 -lz  -m64  -lsqlite3  -lsqlite3 -lruby.3.0 -lsqlite3  -lsqlite3  "
conftest.c:14:57: error: use of undeclared identifier 'sqlite3_backup_init'
int t(void) { void ((*volatile p)()); p = (void ((*)()))sqlite3_backup_init; return !p; }
                                                        ^
1 error generated.
checked program was:
/* begin */
 1: #include "ruby.h"
 2: 
 3: /*top*/
 4: extern int t(void);
 5: int main(int argc, char **argv)
 6: {
 7:   if (argc > 1000000) {
 8:     int (* volatile tp)(void)=(int (*)(void))&t;
 9:     printf("%d", (*tp)());
10:   }
11: 
12:   return !!argv[argc];
13: }
14: int t(void) { void ((*volatile p)()); p = (void ((*)()))sqlite3_backup_init; return !p; }
/* end */

"clang -fdeclspec -o conftest -I/Users/ebisuisho/.rbenv/versions/3.0.1/include/ruby-3.0.0/arm64-darwin21 -I/Users/ebisuisho/.rbenv/versions/3.0.1/include/ruby-3.0.0/ruby/backward -I/Users/ebisuisho/.rbenv/versions/3.0.1/include/ruby-3.0.0 -I. -I/Users/ebisuisho/workspace/rent_kadai/vendor/bundle/ruby/3.0.0/gems/sqlite3-1.5.3/ports/arm64-apple-darwin21.5.0/sqlite3/3.39.4/include -I/Users/ebisuisho/.rbenv/versions/3.0.1/include  -D_XOPEN_SOURCE -D_DARWIN_C_SOURCE -D_DARWIN_UNLIMITED_SELECT -D_REENTRANT   -O3 -ggdb3 -Wall -Wextra -Wdeprecated-declarations -Wdivision-by-zero -Wimplicit-function-declaration -Wimplicit-int -Wmisleading-indentation -Wpointer-arith -Wshorten-64-to-32 -Wwrite-strings -Wmissing-noreturn -Wno-cast-function-type -Wno-constant-logical-operand -Wno-long-long -Wno-missing-field-initializers -Wno-overlength-strings -Wno-parentheses-equality -Wno-self-assign -Wno-tautological-compare -Wno-unused-parameter -Wno-unused-value -Wunused-variable -Wextra-tokens -fno-common -pipe  conftest.c  -L. -L/Users/ebisuisho/.rbenv/versions/3.0.1/lib -L. -L/Users/ebisuisho/.rbenv/versions/3.0.1/lib  -fstack-protector-strong -L/usr/local/lib -L/Users/ebisuisho/workspace/rent_kadai/vendor/bundle/ruby/3.0.0/gems/sqlite3-1.5.3/ports/arm64-apple-darwin21.5.0/sqlite3/3.39.4/lib -L/Users/ebisuisho/workspace/rent_kadai/vendor/bundle/ruby/3.0.0/gems/sqlite3-1.5.3/ports/arm64-apple-darwin21.5.0/sqlite3/3.39.4/lib -lsqlite3 -lz  -m64  -lsqlite3  -lsqlite3 -lruby.3.0 -lsqlite3  -lsqlite3  "
checked program was:
/* begin */
 1: #include "ruby.h"
 2: 
 3: /*top*/
 4: extern int t(void);
 5: int main(int argc, char **argv)
 6: {
 7:   if (argc > 1000000) {
 8:     int (* volatile tp)(void)=(int (*)(void))&t;
 9:     printf("%d", (*tp)());
10:   }
11: 
12:   return !!argv[argc];
13: }
14: extern void sqlite3_backup_init();
15: int t(void) { sqlite3_backup_init(); return 0; }
/* end */

--------------------

have_func: checking for sqlite3_column_database_name()... -------------------- no

"clang -fdeclspec -o conftest -I/Users/ebisuisho/.rbenv/versions/3.0.1/include/ruby-3.0.0/arm64-darwin21 -I/Users/ebisuisho/.rbenv/versions/3.0.1/include/ruby-3.0.0/ruby/backward -I/Users/ebisuisho/.rbenv/versions/3.0.1/include/ruby-3.0.0 -I. -I/Users/ebisuisho/workspace/rent_kadai/vendor/bundle/ruby/3.0.0/gems/sqlite3-1.5.3/ports/arm64-apple-darwin21.5.0/sqlite3/3.39.4/include -I/Users/ebisuisho/.rbenv/versions/3.0.1/include  -D_XOPEN_SOURCE -D_DARWIN_C_SOURCE -D_DARWIN_UNLIMITED_SELECT -D_REENTRANT   -O3 -ggdb3 -Wall -Wextra -Wdeprecated-declarations -Wdivision-by-zero -Wimplicit-function-declaration -Wimplicit-int -Wmisleading-indentation -Wpointer-arith -Wshorten-64-to-32 -Wwrite-strings -Wmissing-noreturn -Wno-cast-function-type -Wno-constant-logical-operand -Wno-long-long -Wno-missing-field-initializers -Wno-overlength-strings -Wno-parentheses-equality -Wno-self-assign -Wno-tautological-compare -Wno-unused-parameter -Wno-unused-value -Wunused-variable -Wextra-tokens -fno-common -pipe  conftest.c  -L. -L/Users/ebisuisho/.rbenv/versions/3.0.1/lib -L. -L/Users/ebisuisho/.rbenv/versions/3.0.1/lib  -fstack-protector-strong -L/usr/local/lib -L/Users/ebisuisho/workspace/rent_kadai/vendor/bundle/ruby/3.0.0/gems/sqlite3-1.5.3/ports/arm64-apple-darwin21.5.0/sqlite3/3.39.4/lib -L/Users/ebisuisho/workspace/rent_kadai/vendor/bundle/ruby/3.0.0/gems/sqlite3-1.5.3/ports/arm64-apple-darwin21.5.0/sqlite3/3.39.4/lib -lsqlite3 -lz  -m64  -lsqlite3  -lsqlite3 -lruby.3.0 -lsqlite3  -lsqlite3  "
conftest.c:14:57: error: use of undeclared identifier 'sqlite3_column_database_name'
int t(void) { void ((*volatile p)()); p = (void ((*)()))sqlite3_column_database_name; return !p; }
                                                        ^
1 error generated.
checked program was:
/* begin */
 1: #include "ruby.h"
 2: 
 3: /*top*/
 4: extern int t(void);
 5: int main(int argc, char **argv)
 6: {
 7:   if (argc > 1000000) {
 8:     int (* volatile tp)(void)=(int (*)(void))&t;
 9:     printf("%d", (*tp)());
10:   }
11: 
12:   return !!argv[argc];
13: }
14: int t(void) { void ((*volatile p)()); p = (void ((*)()))sqlite3_column_database_name; return !p; }
/* end */

"clang -fdeclspec -o conftest -I/Users/ebisuisho/.rbenv/versions/3.0.1/include/ruby-3.0.0/arm64-darwin21 -I/Users/ebisuisho/.rbenv/versions/3.0.1/include/ruby-3.0.0/ruby/backward -I/Users/ebisuisho/.rbenv/versions/3.0.1/include/ruby-3.0.0 -I. -I/Users/ebisuisho/workspace/rent_kadai/vendor/bundle/ruby/3.0.0/gems/sqlite3-1.5.3/ports/arm64-apple-darwin21.5.0/sqlite3/3.39.4/include -I/Users/ebisuisho/.rbenv/versions/3.0.1/include  -D_XOPEN_SOURCE -D_DARWIN_C_SOURCE -D_DARWIN_UNLIMITED_SELECT -D_REENTRANT   -O3 -ggdb3 -Wall -Wextra -Wdeprecated-declarations -Wdivision-by-zero -Wimplicit-function-declaration -Wimplicit-int -Wmisleading-indentation -Wpointer-arith -Wshorten-64-to-32 -Wwrite-strings -Wmissing-noreturn -Wno-cast-function-type -Wno-constant-logical-operand -Wno-long-long -Wno-missing-field-initializers -Wno-overlength-strings -Wno-parentheses-equality -Wno-self-assign -Wno-tautological-compare -Wno-unused-parameter -Wno-unused-value -Wunused-variable -Wextra-tokens -fno-common -pipe  conftest.c  -L. -L/Users/ebisuisho/.rbenv/versions/3.0.1/lib -L. -L/Users/ebisuisho/.rbenv/versions/3.0.1/lib  -fstack-protector-strong -L/usr/local/lib -L/Users/ebisuisho/workspace/rent_kadai/vendor/bundle/ruby/3.0.0/gems/sqlite3-1.5.3/ports/arm64-apple-darwin21.5.0/sqlite3/3.39.4/lib -L/Users/ebisuisho/workspace/rent_kadai/vendor/bundle/ruby/3.0.0/gems/sqlite3-1.5.3/ports/arm64-apple-darwin21.5.0/sqlite3/3.39.4/lib -lsqlite3 -lz  -m64  -lsqlite3  -lsqlite3 -lruby.3.0 -lsqlite3  -lsqlite3  "
Undefined symbols for architecture arm64:
  "_sqlite3_column_database_name", referenced from:
      _t in conftest-3f71f4.o
ld: symbol(s) not found for architecture arm64
clang: error: linker command failed with exit code 1 (use -v to see invocation)
checked program was:
/* begin */
 1: #include "ruby.h"
 2: 
 3: /*top*/
 4: extern int t(void);
 5: int main(int argc, char **argv)
 6: {
 7:   if (argc > 1000000) {
 8:     int (* volatile tp)(void)=(int (*)(void))&t;
 9:     printf("%d", (*tp)());
10:   }
11: 
12:   return !!argv[argc];
13: }
14: extern void sqlite3_column_database_name();
15: int t(void) { sqlite3_column_database_name(); return 0; }
/* end */

--------------------

have_func: checking for sqlite3_enable_load_extension()... -------------------- yes

"clang -fdeclspec -o conftest -I/Users/ebisuisho/.rbenv/versions/3.0.1/include/ruby-3.0.0/arm64-darwin21 -I/Users/ebisuisho/.rbenv/versions/3.0.1/include/ruby-3.0.0/ruby/backward -I/Users/ebisuisho/.rbenv/versions/3.0.1/include/ruby-3.0.0 -I. -I/Users/ebisuisho/workspace/rent_kadai/vendor/bundle/ruby/3.0.0/gems/sqlite3-1.5.3/ports/arm64-apple-darwin21.5.0/sqlite3/3.39.4/include -I/Users/ebisuisho/.rbenv/versions/3.0.1/include  -D_XOPEN_SOURCE -D_DARWIN_C_SOURCE -D_DARWIN_UNLIMITED_SELECT -D_REENTRANT   -O3 -ggdb3 -Wall -Wextra -Wdeprecated-declarations -Wdivision-by-zero -Wimplicit-function-declaration -Wimplicit-int -Wmisleading-indentation -Wpointer-arith -Wshorten-64-to-32 -Wwrite-strings -Wmissing-noreturn -Wno-cast-function-type -Wno-constant-logical-operand -Wno-long-long -Wno-missing-field-initializers -Wno-overlength-strings -Wno-parentheses-equality -Wno-self-assign -Wno-tautological-compare -Wno-unused-parameter -Wno-unused-value -Wunused-variable -Wextra-tokens -fno-common -pipe  conftest.c  -L. -L/Users/ebisuisho/.rbenv/versions/3.0.1/lib -L. -L/Users/ebisuisho/.rbenv/versions/3.0.1/lib  -fstack-protector-strong -L/usr/local/lib -L/Users/ebisuisho/workspace/rent_kadai/vendor/bundle/ruby/3.0.0/gems/sqlite3-1.5.3/ports/arm64-apple-darwin21.5.0/sqlite3/3.39.4/lib -L/Users/ebisuisho/workspace/rent_kadai/vendor/bundle/ruby/3.0.0/gems/sqlite3-1.5.3/ports/arm64-apple-darwin21.5.0/sqlite3/3.39.4/lib -lsqlite3 -lz  -m64  -lsqlite3  -lsqlite3 -lruby.3.0 -lsqlite3  -lsqlite3  "
conftest.c:14:57: error: use of undeclared identifier 'sqlite3_enable_load_extension'
int t(void) { void ((*volatile p)()); p = (void ((*)()))sqlite3_enable_load_extension; return !p; }
                                                        ^
1 error generated.
checked program was:
/* begin */
 1: #include "ruby.h"
 2: 
 3: /*top*/
 4: extern int t(void);
 5: int main(int argc, char **argv)
 6: {
 7:   if (argc > 1000000) {
 8:     int (* volatile tp)(void)=(int (*)(void))&t;
 9:     printf("%d", (*tp)());
10:   }
11: 
12:   return !!argv[argc];
13: }
14: int t(void) { void ((*volatile p)()); p = (void ((*)()))sqlite3_enable_load_extension; return !p; }
/* end */

"clang -fdeclspec -o conftest -I/Users/ebisuisho/.rbenv/versions/3.0.1/include/ruby-3.0.0/arm64-darwin21 -I/Users/ebisuisho/.rbenv/versions/3.0.1/include/ruby-3.0.0/ruby/backward -I/Users/ebisuisho/.rbenv/versions/3.0.1/include/ruby-3.0.0 -I. -I/Users/ebisuisho/workspace/rent_kadai/vendor/bundle/ruby/3.0.0/gems/sqlite3-1.5.3/ports/arm64-apple-darwin21.5.0/sqlite3/3.39.4/include -I/Users/ebisuisho/.rbenv/versions/3.0.1/include  -D_XOPEN_SOURCE -D_DARWIN_C_SOURCE -D_DARWIN_UNLIMITED_SELECT -D_REENTRANT   -O3 -ggdb3 -Wall -Wextra -Wdeprecated-declarations -Wdivision-by-zero -Wimplicit-function-declaration -Wimplicit-int -Wmisleading-indentation -Wpointer-arith -Wshorten-64-to-32 -Wwrite-strings -Wmissing-noreturn -Wno-cast-function-type -Wno-constant-logical-operand -Wno-long-long -Wno-missing-field-initializers -Wno-overlength-strings -Wno-parentheses-equality -Wno-self-assign -Wno-tautological-compare -Wno-unused-parameter -Wno-unused-value -Wunused-variable -Wextra-tokens -fno-common -pipe  conftest.c  -L. -L/Users/ebisuisho/.rbenv/versions/3.0.1/lib -L. -L/Users/ebisuisho/.rbenv/versions/3.0.1/lib  -fstack-protector-strong -L/usr/local/lib -L/Users/ebisuisho/workspace/rent_kadai/vendor/bundle/ruby/3.0.0/gems/sqlite3-1.5.3/ports/arm64-apple-darwin21.5.0/sqlite3/3.39.4/lib -L/Users/ebisuisho/workspace/rent_kadai/vendor/bundle/ruby/3.0.0/gems/sqlite3-1.5.3/ports/arm64-apple-darwin21.5.0/sqlite3/3.39.4/lib -lsqlite3 -lz  -m64  -lsqlite3  -lsqlite3 -lruby.3.0 -lsqlite3  -lsqlite3  "
checked program was:
/* begin */
 1: #include "ruby.h"
 2: 
 3: /*top*/
 4: extern int t(void);
 5: int main(int argc, char **argv)
 6: {
 7:   if (argc > 1000000) {
 8:     int (* volatile tp)(void)=(int (*)(void))&t;
 9:     printf("%d", (*tp)());
10:   }
11: 
12:   return !!argv[argc];
13: }
14: extern void sqlite3_enable_load_extension();
15: int t(void) { sqlite3_enable_load_extension(); return 0; }
/* end */

--------------------

have_func: checking for sqlite3_load_extension()... -------------------- yes

"clang -fdeclspec -o conftest -I/Users/ebisuisho/.rbenv/versions/3.0.1/include/ruby-3.0.0/arm64-darwin21 -I/Users/ebisuisho/.rbenv/versions/3.0.1/include/ruby-3.0.0/ruby/backward -I/Users/ebisuisho/.rbenv/versions/3.0.1/include/ruby-3.0.0 -I. -I/Users/ebisuisho/workspace/rent_kadai/vendor/bundle/ruby/3.0.0/gems/sqlite3-1.5.3/ports/arm64-apple-darwin21.5.0/sqlite3/3.39.4/include -I/Users/ebisuisho/.rbenv/versions/3.0.1/include  -D_XOPEN_SOURCE -D_DARWIN_C_SOURCE -D_DARWIN_UNLIMITED_SELECT -D_REENTRANT   -O3 -ggdb3 -Wall -Wextra -Wdeprecated-declarations -Wdivision-by-zero -Wimplicit-function-declaration -Wimplicit-int -Wmisleading-indentation -Wpointer-arith -Wshorten-64-to-32 -Wwrite-strings -Wmissing-noreturn -Wno-cast-function-type -Wno-constant-logical-operand -Wno-long-long -Wno-missing-field-initializers -Wno-overlength-strings -Wno-parentheses-equality -Wno-self-assign -Wno-tautological-compare -Wno-unused-parameter -Wno-unused-value -Wunused-variable -Wextra-tokens -fno-common -pipe  conftest.c  -L. -L/Users/ebisuisho/.rbenv/versions/3.0.1/lib -L. -L/Users/ebisuisho/.rbenv/versions/3.0.1/lib  -fstack-protector-strong -L/usr/local/lib -L/Users/ebisuisho/workspace/rent_kadai/vendor/bundle/ruby/3.0.0/gems/sqlite3-1.5.3/ports/arm64-apple-darwin21.5.0/sqlite3/3.39.4/lib -L/Users/ebisuisho/workspace/rent_kadai/vendor/bundle/ruby/3.0.0/gems/sqlite3-1.5.3/ports/arm64-apple-darwin21.5.0/sqlite3/3.39.4/lib -lsqlite3 -lz  -m64  -lsqlite3  -lsqlite3 -lruby.3.0 -lsqlite3  -lsqlite3  "
conftest.c:14:57: error: use of undeclared identifier 'sqlite3_load_extension'
int t(void) { void ((*volatile p)()); p = (void ((*)()))sqlite3_load_extension; return !p; }
                                                        ^
1 error generated.
checked program was:
/* begin */
 1: #include "ruby.h"
 2: 
 3: /*top*/
 4: extern int t(void);
 5: int main(int argc, char **argv)
 6: {
 7:   if (argc > 1000000) {
 8:     int (* volatile tp)(void)=(int (*)(void))&t;
 9:     printf("%d", (*tp)());
10:   }
11: 
12:   return !!argv[argc];
13: }
14: int t(void) { void ((*volatile p)()); p = (void ((*)()))sqlite3_load_extension; return !p; }
/* end */

"clang -fdeclspec -o conftest -I/Users/ebisuisho/.rbenv/versions/3.0.1/include/ruby-3.0.0/arm64-darwin21 -I/Users/ebisuisho/.rbenv/versions/3.0.1/include/ruby-3.0.0/ruby/backward -I/Users/ebisuisho/.rbenv/versions/3.0.1/include/ruby-3.0.0 -I. -I/Users/ebisuisho/workspace/rent_kadai/vendor/bundle/ruby/3.0.0/gems/sqlite3-1.5.3/ports/arm64-apple-darwin21.5.0/sqlite3/3.39.4/include -I/Users/ebisuisho/.rbenv/versions/3.0.1/include  -D_XOPEN_SOURCE -D_DARWIN_C_SOURCE -D_DARWIN_UNLIMITED_SELECT -D_REENTRANT   -O3 -ggdb3 -Wall -Wextra -Wdeprecated-declarations -Wdivision-by-zero -Wimplicit-function-declaration -Wimplicit-int -Wmisleading-indentation -Wpointer-arith -Wshorten-64-to-32 -Wwrite-strings -Wmissing-noreturn -Wno-cast-function-type -Wno-constant-logical-operand -Wno-long-long -Wno-missing-field-initializers -Wno-overlength-strings -Wno-parentheses-equality -Wno-self-assign -Wno-tautological-compare -Wno-unused-parameter -Wno-unused-value -Wunused-variable -Wextra-tokens -fno-common -pipe  conftest.c  -L. -L/Users/ebisuisho/.rbenv/versions/3.0.1/lib -L. -L/Users/ebisuisho/.rbenv/versions/3.0.1/lib  -fstack-protector-strong -L/usr/local/lib -L/Users/ebisuisho/workspace/rent_kadai/vendor/bundle/ruby/3.0.0/gems/sqlite3-1.5.3/ports/arm64-apple-darwin21.5.0/sqlite3/3.39.4/lib -L/Users/ebisuisho/workspace/rent_kadai/vendor/bundle/ruby/3.0.0/gems/sqlite3-1.5.3/ports/arm64-apple-darwin21.5.0/sqlite3/3.39.4/lib -lsqlite3 -lz  -m64  -lsqlite3  -lsqlite3 -lruby.3.0 -lsqlite3  -lsqlite3  "
checked program was:
/* begin */
 1: #include "ruby.h"
 2: 
 3: /*top*/
 4: extern int t(void);
 5: int main(int argc, char **argv)
 6: {
 7:   if (argc > 1000000) {
 8:     int (* volatile tp)(void)=(int (*)(void))&t;
 9:     printf("%d", (*tp)());
10:   }
11: 
12:   return !!argv[argc];
13: }
14: extern void sqlite3_load_extension();
15: int t(void) { sqlite3_load_extension(); return 0; }
/* end */

--------------------

have_func: checking for sqlite3_open_v2()... -------------------- yes

"clang -fdeclspec -o conftest -I/Users/ebisuisho/.rbenv/versions/3.0.1/include/ruby-3.0.0/arm64-darwin21 -I/Users/ebisuisho/.rbenv/versions/3.0.1/include/ruby-3.0.0/ruby/backward -I/Users/ebisuisho/.rbenv/versions/3.0.1/include/ruby-3.0.0 -I. -I/Users/ebisuisho/workspace/rent_kadai/vendor/bundle/ruby/3.0.0/gems/sqlite3-1.5.3/ports/arm64-apple-darwin21.5.0/sqlite3/3.39.4/include -I/Users/ebisuisho/.rbenv/versions/3.0.1/include  -D_XOPEN_SOURCE -D_DARWIN_C_SOURCE -D_DARWIN_UNLIMITED_SELECT -D_REENTRANT   -O3 -ggdb3 -Wall -Wextra -Wdeprecated-declarations -Wdivision-by-zero -Wimplicit-function-declaration -Wimplicit-int -Wmisleading-indentation -Wpointer-arith -Wshorten-64-to-32 -Wwrite-strings -Wmissing-noreturn -Wno-cast-function-type -Wno-constant-logical-operand -Wno-long-long -Wno-missing-field-initializers -Wno-overlength-strings -Wno-parentheses-equality -Wno-self-assign -Wno-tautological-compare -Wno-unused-parameter -Wno-unused-value -Wunused-variable -Wextra-tokens -fno-common -pipe  conftest.c  -L. -L/Users/ebisuisho/.rbenv/versions/3.0.1/lib -L. -L/Users/ebisuisho/.rbenv/versions/3.0.1/lib  -fstack-protector-strong -L/usr/local/lib -L/Users/ebisuisho/workspace/rent_kadai/vendor/bundle/ruby/3.0.0/gems/sqlite3-1.5.3/ports/arm64-apple-darwin21.5.0/sqlite3/3.39.4/lib -L/Users/ebisuisho/workspace/rent_kadai/vendor/bundle/ruby/3.0.0/gems/sqlite3-1.5.3/ports/arm64-apple-darwin21.5.0/sqlite3/3.39.4/lib -lsqlite3 -lz  -m64  -lsqlite3  -lsqlite3 -lruby.3.0 -lsqlite3  -lsqlite3  "
conftest.c:14:57: error: use of undeclared identifier 'sqlite3_open_v2'
int t(void) { void ((*volatile p)()); p = (void ((*)()))sqlite3_open_v2; return !p; }
                                                        ^
1 error generated.
checked program was:
/* begin */
 1: #include "ruby.h"
 2: 
 3: /*top*/
 4: extern int t(void);
 5: int main(int argc, char **argv)
 6: {
 7:   if (argc > 1000000) {
 8:     int (* volatile tp)(void)=(int (*)(void))&t;
 9:     printf("%d", (*tp)());
10:   }
11: 
12:   return !!argv[argc];
13: }
14: int t(void) { void ((*volatile p)()); p = (void ((*)()))sqlite3_open_v2; return !p; }
/* end */

"clang -fdeclspec -o conftest -I/Users/ebisuisho/.rbenv/versions/3.0.1/include/ruby-3.0.0/arm64-darwin21 -I/Users/ebisuisho/.rbenv/versions/3.0.1/include/ruby-3.0.0/ruby/backward -I/Users/ebisuisho/.rbenv/versions/3.0.1/include/ruby-3.0.0 -I. -I/Users/ebisuisho/workspace/rent_kadai/vendor/bundle/ruby/3.0.0/gems/sqlite3-1.5.3/ports/arm64-apple-darwin21.5.0/sqlite3/3.39.4/include -I/Users/ebisuisho/.rbenv/versions/3.0.1/include  -D_XOPEN_SOURCE -D_DARWIN_C_SOURCE -D_DARWIN_UNLIMITED_SELECT -D_REENTRANT   -O3 -ggdb3 -Wall -Wextra -Wdeprecated-declarations -Wdivision-by-zero -Wimplicit-function-declaration -Wimplicit-int -Wmisleading-indentation -Wpointer-arith -Wshorten-64-to-32 -Wwrite-strings -Wmissing-noreturn -Wno-cast-function-type -Wno-constant-logical-operand -Wno-long-long -Wno-missing-field-initializers -Wno-overlength-strings -Wno-parentheses-equality -Wno-self-assign -Wno-tautological-compare -Wno-unused-parameter -Wno-unused-value -Wunused-variable -Wextra-tokens -fno-common -pipe  conftest.c  -L. -L/Users/ebisuisho/.rbenv/versions/3.0.1/lib -L. -L/Users/ebisuisho/.rbenv/versions/3.0.1/lib  -fstack-protector-strong -L/usr/local/lib -L/Users/ebisuisho/workspace/rent_kadai/vendor/bundle/ruby/3.0.0/gems/sqlite3-1.5.3/ports/arm64-apple-darwin21.5.0/sqlite3/3.39.4/lib -L/Users/ebisuisho/workspace/rent_kadai/vendor/bundle/ruby/3.0.0/gems/sqlite3-1.5.3/ports/arm64-apple-darwin21.5.0/sqlite3/3.39.4/lib -lsqlite3 -lz  -m64  -lsqlite3  -lsqlite3 -lruby.3.0 -lsqlite3  -lsqlite3  "
checked program was:
/* begin */
 1: #include "ruby.h"
 2: 
 3: /*top*/
 4: extern int t(void);
 5: int main(int argc, char **argv)
 6: {
 7:   if (argc > 1000000) {
 8:     int (* volatile tp)(void)=(int (*)(void))&t;
 9:     printf("%d", (*tp)());
10:   }
11: 
12:   return !!argv[argc];
13: }
14: extern void sqlite3_open_v2();
15: int t(void) { sqlite3_open_v2(); return 0; }
/* end */

--------------------

have_func: checking for sqlite3_prepare_v2()... -------------------- yes

"clang -fdeclspec -o conftest -I/Users/ebisuisho/.rbenv/versions/3.0.1/include/ruby-3.0.0/arm64-darwin21 -I/Users/ebisuisho/.rbenv/versions/3.0.1/include/ruby-3.0.0/ruby/backward -I/Users/ebisuisho/.rbenv/versions/3.0.1/include/ruby-3.0.0 -I. -I/Users/ebisuisho/workspace/rent_kadai/vendor/bundle/ruby/3.0.0/gems/sqlite3-1.5.3/ports/arm64-apple-darwin21.5.0/sqlite3/3.39.4/include -I/Users/ebisuisho/.rbenv/versions/3.0.1/include  -D_XOPEN_SOURCE -D_DARWIN_C_SOURCE -D_DARWIN_UNLIMITED_SELECT -D_REENTRANT   -O3 -ggdb3 -Wall -Wextra -Wdeprecated-declarations -Wdivision-by-zero -Wimplicit-function-declaration -Wimplicit-int -Wmisleading-indentation -Wpointer-arith -Wshorten-64-to-32 -Wwrite-strings -Wmissing-noreturn -Wno-cast-function-type -Wno-constant-logical-operand -Wno-long-long -Wno-missing-field-initializers -Wno-overlength-strings -Wno-parentheses-equality -Wno-self-assign -Wno-tautological-compare -Wno-unused-parameter -Wno-unused-value -Wunused-variable -Wextra-tokens -fno-common -pipe  conftest.c  -L. -L/Users/ebisuisho/.rbenv/versions/3.0.1/lib -L. -L/Users/ebisuisho/.rbenv/versions/3.0.1/lib  -fstack-protector-strong -L/usr/local/lib -L/Users/ebisuisho/workspace/rent_kadai/vendor/bundle/ruby/3.0.0/gems/sqlite3-1.5.3/ports/arm64-apple-darwin21.5.0/sqlite3/3.39.4/lib -L/Users/ebisuisho/workspace/rent_kadai/vendor/bundle/ruby/3.0.0/gems/sqlite3-1.5.3/ports/arm64-apple-darwin21.5.0/sqlite3/3.39.4/lib -lsqlite3 -lz  -m64  -lsqlite3  -lsqlite3 -lruby.3.0 -lsqlite3  -lsqlite3  "
conftest.c:14:57: error: use of undeclared identifier 'sqlite3_prepare_v2'
int t(void) { void ((*volatile p)()); p = (void ((*)()))sqlite3_prepare_v2; return !p; }
                                                        ^
1 error generated.
checked program was:
/* begin */
 1: #include "ruby.h"
 2: 
 3: /*top*/
 4: extern int t(void);
 5: int main(int argc, char **argv)
 6: {
 7:   if (argc > 1000000) {
 8:     int (* volatile tp)(void)=(int (*)(void))&t;
 9:     printf("%d", (*tp)());
10:   }
11: 
12:   return !!argv[argc];
13: }
14: int t(void) { void ((*volatile p)()); p = (void ((*)()))sqlite3_prepare_v2; return !p; }
/* end */

"clang -fdeclspec -o conftest -I/Users/ebisuisho/.rbenv/versions/3.0.1/include/ruby-3.0.0/arm64-darwin21 -I/Users/ebisuisho/.rbenv/versions/3.0.1/include/ruby-3.0.0/ruby/backward -I/Users/ebisuisho/.rbenv/versions/3.0.1/include/ruby-3.0.0 -I. -I/Users/ebisuisho/workspace/rent_kadai/vendor/bundle/ruby/3.0.0/gems/sqlite3-1.5.3/ports/arm64-apple-darwin21.5.0/sqlite3/3.39.4/include -I/Users/ebisuisho/.rbenv/versions/3.0.1/include  -D_XOPEN_SOURCE -D_DARWIN_C_SOURCE -D_DARWIN_UNLIMITED_SELECT -D_REENTRANT   -O3 -ggdb3 -Wall -Wextra -Wdeprecated-declarations -Wdivision-by-zero -Wimplicit-function-declaration -Wimplicit-int -Wmisleading-indentation -Wpointer-arith -Wshorten-64-to-32 -Wwrite-strings -Wmissing-noreturn -Wno-cast-function-type -Wno-constant-logical-operand -Wno-long-long -Wno-missing-field-initializers -Wno-overlength-strings -Wno-parentheses-equality -Wno-self-assign -Wno-tautological-compare -Wno-unused-parameter -Wno-unused-value -Wunused-variable -Wextra-tokens -fno-common -pipe  conftest.c  -L. -L/Users/ebisuisho/.rbenv/versions/3.0.1/lib -L. -L/Users/ebisuisho/.rbenv/versions/3.0.1/lib  -fstack-protector-strong -L/usr/local/lib -L/Users/ebisuisho/workspace/rent_kadai/vendor/bundle/ruby/3.0.0/gems/sqlite3-1.5.3/ports/arm64-apple-darwin21.5.0/sqlite3/3.39.4/lib -L/Users/ebisuisho/workspace/rent_kadai/vendor/bundle/ruby/3.0.0/gems/sqlite3-1.5.3/ports/arm64-apple-darwin21.5.0/sqlite3/3.39.4/lib -lsqlite3 -lz  -m64  -lsqlite3  -lsqlite3 -lruby.3.0 -lsqlite3  -lsqlite3  "
checked program was:
/* begin */
 1: #include "ruby.h"
 2: 
 3: /*top*/
 4: extern int t(void);
 5: int main(int argc, char **argv)
 6: {
 7:   if (argc > 1000000) {
 8:     int (* volatile tp)(void)=(int (*)(void))&t;
 9:     printf("%d", (*tp)());
10:   }
11: 
12:   return !!argv[argc];
13: }
14: extern void sqlite3_prepare_v2();
15: int t(void) { sqlite3_prepare_v2(); return 0; }
/* end */

--------------------

have_type: checking for sqlite3_int64 in sqlite3.h... -------------------- yes

"clang -fdeclspec -I/Users/ebisuisho/.rbenv/versions/3.0.1/include/ruby-3.0.0/arm64-darwin21 -I/Users/ebisuisho/.rbenv/versions/3.0.1/include/ruby-3.0.0/ruby/backward -I/Users/ebisuisho/.rbenv/versions/3.0.1/include/ruby-3.0.0 -I. -I/Users/ebisuisho/workspace/rent_kadai/vendor/bundle/ruby/3.0.0/gems/sqlite3-1.5.3/ports/arm64-apple-darwin21.5.0/sqlite3/3.39.4/include -I/Users/ebisuisho/.rbenv/versions/3.0.1/include  -D_XOPEN_SOURCE -D_DARWIN_C_SOURCE -D_DARWIN_UNLIMITED_SELECT -D_REENTRANT   -O3 -ggdb3 -Wall -Wextra -Wdeprecated-declarations -Wdivision-by-zero -Wimplicit-function-declaration -Wimplicit-int -Wmisleading-indentation -Wpointer-arith -Wshorten-64-to-32 -Wwrite-strings -Wmissing-noreturn -Wno-cast-function-type -Wno-constant-logical-operand -Wno-long-long -Wno-missing-field-initializers -Wno-overlength-strings -Wno-parentheses-equality -Wno-self-assign -Wno-tautological-compare -Wno-unused-parameter -Wno-unused-value -Wunused-variable -Wextra-tokens -fno-common -pipe  -m64  -c conftest.c"
checked program was:
/* begin */
1: #include "ruby.h"
2: 
3: #include <sqlite3.h>
4: 
5: /*top*/
6: typedef sqlite3_int64 conftest_type;
7: int conftestval[sizeof(conftest_type)?1:-1];
/* end */

--------------------

have_type: checking for sqlite3_uint64 in sqlite3.h... -------------------- yes

"clang -fdeclspec -I/Users/ebisuisho/.rbenv/versions/3.0.1/include/ruby-3.0.0/arm64-darwin21 -I/Users/ebisuisho/.rbenv/versions/3.0.1/include/ruby-3.0.0/ruby/backward -I/Users/ebisuisho/.rbenv/versions/3.0.1/include/ruby-3.0.0 -I. -I/Users/ebisuisho/workspace/rent_kadai/vendor/bundle/ruby/3.0.0/gems/sqlite3-1.5.3/ports/arm64-apple-darwin21.5.0/sqlite3/3.39.4/include -I/Users/ebisuisho/.rbenv/versions/3.0.1/include  -D_XOPEN_SOURCE -D_DARWIN_C_SOURCE -D_DARWIN_UNLIMITED_SELECT -D_REENTRANT   -O3 -ggdb3 -Wall -Wextra -Wdeprecated-declarations -Wdivision-by-zero -Wimplicit-function-declaration -Wimplicit-int -Wmisleading-indentation -Wpointer-arith -Wshorten-64-to-32 -Wwrite-strings -Wmissing-noreturn -Wno-cast-function-type -Wno-constant-logical-operand -Wno-long-long -Wno-missing-field-initializers -Wno-overlength-strings -Wno-parentheses-equality -Wno-self-assign -Wno-tautological-compare -Wno-unused-parameter -Wno-unused-value -Wunused-variable -Wextra-tokens -fno-common -pipe  -m64  -c conftest.c"
checked program was:
/* begin */
1: #include "ruby.h"
2: 
3: #include <sqlite3.h>
4: 
5: /*top*/
6: typedef sqlite3_uint64 conftest_type;
7: int conftestval[sizeof(conftest_type)?1:-1];
/* end */

--------------------

